0 info it worked if it ends with ok
1 verbose cli [ '/home/ec2-user/.nvm/versions/node/v6.14.4/bin/node',
1 verbose cli   '/home/ec2-user/.nvm/versions/node/v6.14.4/bin/npm',
1 verbose cli   'start' ]
2 info using npm@3.10.10
3 info using node@v6.14.4
4 verbose stack Error: ENOENT: no such file or directory, open '/var/www/html/cp6/package.json'
4 verbose stack     at Error (native)
5 verbose cwd /var/www/html/cp6
6 error Linux 4.14.62-65.117.amzn1.x86_64
7 error argv "/home/ec2-user/.nvm/versions/node/v6.14.4/bin/node" "/home/ec2-user/.nvm/versions/node/v6.14.4/bin/npm" "start"
8 error node v6.14.4
9 error npm  v3.10.10
10 error path /var/www/html/cp6/package.json
11 error code ENOENT
12 error errno -2
13 error syscall open
14 error enoent ENOENT: no such file or directory, open '/var/www/html/cp6/package.json'
15 error enoent ENOENT: no such file or directory, open '/var/www/html/cp6/package.json'
15 error enoent This is most likely not a problem with npm itself
15 error enoent and is related to npm not being able to find a file.
16 verbose exit [ -2, true ]
